<html>
<body>
<pre>
<h1>Vision Build Log</h1>
<h2>Project:</h2>
F:\1602\1602test.uvproj
Project File Date:  02/24/2020

<h2>Output:</h2>
Build target '目标 1'
compiling 1602test_1.c...
1602TEST_1.C(5): error C141: syntax error near 'P2', expected '='
1602TEST_1.C(6): error C141: syntax error near 'P2', expected '='
1602TEST_1.C(7): error C141: syntax error near 'P2', expected '='
1602TEST_1.C(9): error C141: syntax error near 'n', expected ')'
1602TEST_1.C(11): error C141: syntax error near 'x'
1602TEST_1.C(11): error C202: 'x': undefined identifier
1602TEST_1.C(12): error C202: 'x': undefined identifier
1602TEST_1.C(13): error C202: 'y': undefined identifier
1602TEST_1.C(16): error C141: syntax error near 'cmd', expected ')'
1602TEST_1.C(18): error C202: 'rs': undefined identifier
1602TEST_1.C(19): error C202: 'rw': undefined identifier
1602TEST_1.C(20): error C202: 'cmd': undefined identifier
1602TEST_1.C(22): error C202: 'en': undefined identifier
1602TEST_1.C(23): error C202: 'en': undefined identifier
1602TEST_1.C(26): error C141: syntax error near 'dat', expected ')'
1602TEST_1.C(28): error C202: 'rs': undefined identifier
1602TEST_1.C(29): error C202: 'rw': undefined identifier
1602TEST_1.C(30): error C202: 'dat': undefined identifier
1602TEST_1.C(32): error C202: 'en': undefined identifier
1602TEST_1.C(33): error C202: 'en': undefined identifier
1602TEST_1.C(46): error C202: 'uchar': undefined identifier
1602TEST_1.C(46): error C141: syntax error near 'n'
1602TEST_1.C(49): error C202: 'm': undefined identifier
1602TEST_1.C(51): error C202: 'm': undefined identifier
目标未创建
Build target '目标 1'
compiling 1602test_1.c...
1602TEST_1.C(54): warning C206: 'lcd_wcom': missing function-prototype
1602TEST_1.C(54): error C267: 'lcd_wcom': requires ANSI-style prototype
目标未创建
Build target '目标 1'
compiling 1602test_1.c...
1602TEST_1.C(57): warning C206: 'lmd_wdat': missing function-prototype
1602TEST_1.C(57): error C267: 'lmd_wdat': requires ANSI-style prototype
目标未创建
Build target '目标 1'
compiling 1602test_1.c...
linking...
Program Size: data=9.0 xdata=0 code=174
creating hex file from "1602test_1"...
"1602test_1" - 0 Error(s), 0 Warning(s).
